<?xml version="1.0" encoding="UTF-8"?>
<testsuite xmlns:xsi="http://www.w3.org/2001/XMLSchema-instance" xsi:noNamespaceSchemaLocation="https://maven.apache.org/surefire/maven-surefire-plugin/xsd/surefire-test-report-3.0.xsd" version="3.0" name="TestSuite" time="3.711" tests="3" errors="0" skipped="0" failures="0">
  <properties>
[...]
</properties>
  <testcase name="runScenario[&quot;As a user, I want to login to the Parabank site with valid credantials, so that I can use the bank website&quot;, &quot;Optional[Parabank login testing]&quot;](1)" classname="com.runner.RunnerAllFeatures" time="0.14">
    <system-out><![CDATA[[TestNGContentHandler] [WARN] It is strongly recommended to add "<!DOCTYPE suite SYSTEM "http://testng.org/testng-1.0.dtd" >" at the top of your file, otherwise TestNG may fail or not work as expected.

@functional @TC1 @smoke @regression
Scenario Outline: As a user, I want to login to the Parabank site with valid credantials, so that I can use the bank website # src/test/resources/login.feature:16
  Given Open the browser                                                                                                     # com.stepdef.StepDef.open_the_browser()
  And pass the Parabank URL "https://parabank.parasoft.com/parabank/index.htm"                                               # com.stepdef.StepDef.pass_the_parabank_url(java.lang.String)
  When Enter the username "Kardelen1"                                                                                        # com.stepdef.StepDef.enter_the_username(java.lang.String)
  And Enter the password "Martinez.1"                                                                                        # com.stepdef.StepDef.enter_the_password(java.lang.String)
  And click on login button                                                                                                  # com.stepdef.StepDef.click_on_login_button()
  Then Validate login is successful                                                                                          # com.stepdef.StepDef.validate_login_is_successful()
]]></system-out>
  </testcase>
  <testcase name="runScenario[&quot;As a user,I want to login with only email but no password so that an error message is displayed&quot;, &quot;Optional[Parabank login testing]&quot;](2)" classname="com.runner.RunnerAllFeatures" time="0.017">
    <system-out><![CDATA[
@functional @regression
Scenario Outline: As a user,I want to login with only email but no password so that an error message is displayed # src/test/resources/login.feature:29
  Given Open the browser                                                                                          # com.stepdef.StepDef.open_the_browser()
  And pass the Parabank URL "https://parabank.parasoft.com/parabank/index.htm"                                    # com.stepdef.StepDef.pass_the_parabank_url(java.lang.String)
  When Enter the username "Kardelen1"                                                                             # com.stepdef.StepDef.enter_the_username(java.lang.String)
  And click on login button                                                                                       # com.stepdef.StepDef.click_on_login_button()
  Then Validate error message is displayed                                                                        # com.stepdef.StepDef.getError()
  Given Quit all browser                                                                                          # com.stepdef.StepDef.tearDown()
]]></system-out>
  </testcase>
  <testcase name="runScenario[&quot;As a user when you logged in, I want to logout from the Parabank site with valid credantials, so that my account info is safe&quot;, &quot;Optional[Parabank logout testing]&quot;](3)" classname="com.runner.RunnerAllFeatures" time="0.012">
    <system-out><![CDATA[
@functional @TC1 @smoke @regression
Scenario Outline: As a user when you logged in, I want to logout from the Parabank site with valid credantials, so that my account info is safe # src/test/resources/logout.feature:18
  Given Open the browser                                                                                                                        # com.stepdef.StepDef.open_the_browser()
  And pass the Parabank URL "https://parabank.parasoft.com/parabank/index.htm"                                                                  # com.stepdef.StepDef.pass_the_parabank_url(java.lang.String)
  When Enter the username "Kardelen1"                                                                                                           # com.stepdef.StepDef.enter_the_username(java.lang.String)
  And Enter the password "Martinez.1"                                                                                                           # com.stepdef.StepDef.enter_the_password(java.lang.String)
  And click on login button                                                                                                                     # com.stepdef.StepDef.click_on_login_button()
  And Click on logout button                                                                                                                    # com.stepdef.StepDef.clickLogout()
  Then Validate logout is successful                                                                                                            # com.stepdef.StepDef.validate_logout_is_succesful()
  Given Quit all browser                                                                                                                        # com.stepdef.StepDef.tearDown()
]]></system-out>
  </testcase>
</testsuite>