<?xml version="1.0" encoding="UTF-8"?>
<testng-results ignored="0" total="3" passed="3" failed="0" skipped="0">
  <reporter-output>
  </reporter-output>
  <suite started-at="2024-10-25T02:36:53Z" name="Suite" finished-at="2024-10-25T02:36:55Z" duration-ms="1750">
    <groups>
      <group name="cucumber">
        <method signature="AbstractTestNGCucumberTests.runScenario(io.cucumber.testng.PickleWrapper, io.cucumber.testng.FeatureWrapper)[pri:0, instance:com.runner.RunnerAllFeatures@57576994]" name="runScenario" class="io.cucumber.testng.AbstractTestNGCucumberTests"/>
      </group> <!-- cucumber -->
    </groups>
    <test started-at="2024-10-25T02:36:53Z" name="Test" finished-at="2024-10-25T02:36:55Z" duration-ms="1750">
      <class name="com.runner.RunnerAllFeatures">
        <test-method is-config="true" signature="setup()[pri:0, instance:com.runner.RunnerAllFeatures@57576994]" started-at="2024-10-25T02:36:53Z" name="setup" finished-at="2024-10-25T02:36:53Z" duration-ms="7" status="PASS">
          <reporter-output>
          </reporter-output>
        </test-method> <!-- setup -->
        <test-method is-config="true" signature="setUpClass()[pri:0, instance:com.runner.RunnerAllFeatures@57576994]" started-at="2024-10-25T02:36:53Z" name="setUpClass" finished-at="2024-10-25T02:36:53Z" duration-ms="397" status="PASS">
          <reporter-output>
          </reporter-output>
        </test-method> <!-- setUpClass -->
        <test-method signature="runScenario(io.cucumber.testng.PickleWrapper, io.cucumber.testng.FeatureWrapper)[pri:0, instance:com.runner.RunnerAllFeatures@57576994]" started-at="2024-10-25T02:36:54Z" name="runScenario" description="Runs Cucumber Scenarios" data-provider="scenarios" finished-at="2024-10-25T02:36:54Z" duration-ms="138" status="PASS">
          <params>
            <param index="0">
              <value>
                <![CDATA["As a user, I want to login to the Parabank site with valid credantials, so that I can use the bank website"]]>
              </value>
            </param>
            <param index="1">
              <value>
                <![CDATA["Optional[Parabank login testing]"]]>
              </value>
            </param>
          </params>
          <reporter-output>
          </reporter-output>
        </test-method> <!-- runScenario -->
        <test-method signature="runScenario(io.cucumber.testng.PickleWrapper, io.cucumber.testng.FeatureWrapper)[pri:0, instance:com.runner.RunnerAllFeatures@57576994]" started-at="2024-10-25T02:36:54Z" name="runScenario" description="Runs Cucumber Scenarios" data-provider="scenarios" finished-at="2024-10-25T02:36:54Z" duration-ms="17" status="PASS">
          <params>
            <param index="0">
              <value>
                <![CDATA["As a user,I want to login with only email but no password so that an error message is displayed"]]>
              </value>
            </param>
            <param index="1">
              <value>
                <![CDATA["Optional[Parabank login testing]"]]>
              </value>
            </param>
          </params>
          <reporter-output>
          </reporter-output>
        </test-method> <!-- runScenario -->
        <test-method signature="runScenario(io.cucumber.testng.PickleWrapper, io.cucumber.testng.FeatureWrapper)[pri:0, instance:com.runner.RunnerAllFeatures@57576994]" started-at="2024-10-25T02:36:54Z" name="runScenario" description="Runs Cucumber Scenarios" data-provider="scenarios" finished-at="2024-10-25T02:36:54Z" duration-ms="11" status="PASS">
          <params>
            <param index="0">
              <value>
                <![CDATA["As a user when you logged in, I want to logout from the Parabank site with valid credantials, so that my account info is safe"]]>
              </value>
            </param>
            <param index="1">
              <value>
                <![CDATA["Optional[Parabank logout testing]"]]>
              </value>
            </param>
          </params>
          <reporter-output>
          </reporter-output>
        </test-method> <!-- runScenario -->
        <test-method is-config="true" signature="tearDownClass()[pri:0, instance:com.runner.RunnerAllFeatures@57576994]" started-at="2024-10-25T02:36:54Z" name="tearDownClass" finished-at="2024-10-25T02:36:55Z" duration-ms="1164" status="PASS">
          <reporter-output>
          </reporter-output>
        </test-method> <!-- tearDownClass -->
      </class> <!-- com.runner.RunnerAllFeatures -->
    </test> <!-- Test -->
  </suite> <!-- Suite -->
</testng-results>
